Arguments: 
  /Users/zuoge85/.nvm/versions/node/v10.9.0/bin/node /usr/local/Cellar/yarn/1.9.4/libexec/bin/yarn.js install

PATH: 
  /Library/Frameworks/Python.framework/Versions/2.7/bin:/Users/zuoge85/.nvm/versions/node/v10.9.0/bin:/usr/local/bin:/usr/bin:/bin:/usr/sbin:/sbin:/opt/X11/bin:/Users/zuoge85/lang/sdk/apache-maven-3.3.9/bin:/Users/zuoge85/.yarn/bin:/Users/zuoge85/lang/sdk/protoc-3.2.0-osx-x86_64/bin:/Users/zuoge85/lang/server/zookeeper-3.4.10//bin:/Users/zuoge85/Library/Android/sdk/tools:/Users/zuoge85/Library/Android/sdk/platform-tools:/Users/zuoge85/lang/sdk/gradle-3.3//bin:/Users/zuoge85/lang/tool

Yarn version: 
  1.9.4

Node version: 
  10.9.0

Platform: 
  darwin x64

Trace: 
  Error: http://registry.npm.taobao.org/prop-types/download/prop-types-15.6.2.tgz: ETIMEDOUT
      at Timeout._onTimeout (/usr/local/Cellar/yarn/1.9.4/libexec/lib/cli.js:138128:19)
      at ontimeout (timers.js:424:11)
      at tryOnTimeout (timers.js:288:5)
      at listOnTimeout (timers.js:251:5)
      at Timer.processTimers (timers.js:211:10)

npm manifest: 
  {
    "name": "client",
    "version": "1.0.0",
    "private": true,
    "description": "yanfangbao",
    "main": "index.js",
    "scripts": {
      "build:weapp": "taro build --type weapp",
      "build:h5": "taro build --type h5",
      "dev:weapp": "npm run build:weapp -- --watch",
      "dev:h5": "npm run build:h5 -- --watch",
      "test": "echo \"Error: no test specified\" && exit 1"
    },
    "author": "",
    "license": "MIT",
    "dependencies": {
      "@tarojs/components": "^1.0.0-beta.17",
      "@tarojs/router": "^1.0.0-beta.17",
      "@tarojs/taro": "^1.0.0-beta.17",
      "@tarojs/taro-h5": "^1.0.0-beta.17",
      "@tarojs/taro-weapp": "^1.0.0-beta.17",
      "nervjs": "^1.3.0"
    },
    "devDependencies": {
      "@types/react": "16.3.14",
      "@types/webpack-env": "^1.13.6",
      "@tarojs/cli": "^1.0.0-beta.17",
      "@tarojs/plugin-babel": "^1.0.0-beta.17",
      "@tarojs/plugin-csso": "^1.0.0-beta.17",
      "@tarojs/plugin-less": "^1.0.0-beta.17",
      "@tarojs/plugin-uglifyjs": "^1.0.0-beta.17",
      "@tarojs/webpack-runner": "^1.0.0-beta.17",
      "babel-plugin-transform-class-properties": "^6.24.1",
      "babel-plugin-transform-decorators-legacy": "^1.3.4",
      "babel-plugin-transform-jsx-stylesheet": "^0.6.5",
      "babel-plugin-transform-object-rest-spread": "^6.26.0",
      "babel-preset-env": "^1.6.1",
      "babel-eslint": "^8.2.3",
      "eslint": "^4.19.1",
      "eslint-config-taro": "^1.0.0-beta.17",
      "eslint-plugin-react": "^7.8.2",
      "eslint-plugin-import": "^2.12.0",
      "eslint-plugin-taro": "^1.0.0-beta.17"
    }
  }

yarn manifest: 
  No manifest

Lockfile: 
  No lockfile
